2020-04-01 20:26:16.374 +02:00 [Information] User profile is available. Using '"/Users/asmundbirkeland/.aspnet/DataProtection-Keys"' as key repository; keys will not be encrypted at rest.
2020-04-01 20:26:16.530 +02:00 [Information] Creating key {f6660430-9af2-45bc-ae04-4cf5a4f3d986} with creation date 2020-04-01 18:26:16Z, activation date 2020-04-01 18:26:16Z, and expiration date 2020-06-30 18:26:16Z.
2020-04-01 20:26:16.542 +02:00 [Warning] No XML encryptor configured. Key {f6660430-9af2-45bc-ae04-4cf5a4f3d986} may be persisted to storage in unencrypted form.
2020-04-01 20:26:16.545 +02:00 [Information] Writing data to file '"/Users/asmundbirkeland/.aspnet/DataProtection-Keys/key-f6660430-9af2-45bc-ae04-4cf5a4f3d986.xml"'.
2020-04-01 20:26:18.521 +02:00 [Warning] The 'bool' property '"EmailNotification"' on entity type '"ApplicationUser"' is configured with a database-generated default. This default will always be used when the property has the value 'false', since this is the CLR default for the 'bool' type. Consider using the nullable 'bool?' type instead so that the default will only be used when the property value is 'null'.
2020-04-01 20:26:18.522 +02:00 [Warning] The 'bool' property '"SmsNotification"' on entity type '"ApplicationUser"' is configured with a database-generated default. This default will always be used when the property has the value 'false', since this is the CLR default for the 'bool' type. Consider using the nullable 'bool?' type instead so that the default will only be used when the property value is 'null'.
2020-04-01 20:26:18.713 +02:00 [Information] Entity Framework Core "2.0.0-rtm-26452" initialized '"TandemBookingContext"' using provider '"Microsoft.EntityFrameworkCore.SqlServer"' with options: "None"
2020-04-01 20:26:19.294 +02:00 [Error] Unable to migrate database
System.PlatformNotSupportedException: LocalDB is not supported on this Platform.
   at System.Data.SqlClient.SNI.LocalDB.GetLocalDBConnectionString(String localDbInstance)
   at System.Data.SqlClient.SNI.SNIProxy.GetLocalDBDataSource(String fullServerName, Boolean& error)
   at System.Data.SqlClient.SNI.SNIProxy.CreateConnectionHandle(Object callbackObject, String fullServerName, Boolean ignoreSniOpenTimeout, Int64 timerExpire, Byte[]& instanceName, Byte[]& spnBuffer, Boolean flushCache, Boolean async, Boolean parallel, Boolean isIntegratedSecurity)
   at System.Data.SqlClient.SNI.TdsParserStateObjectManaged.CreatePhysicalSNIHandle(String serverName, Boolean ignoreSniOpenTimeout, Int64 timerExpire, Byte[]& instanceName, Byte[]& spnBuffer, Boolean flushCache, Boolean async, Boolean parallel, Boolean isIntegratedSecurity)
   at System.Data.SqlClient.TdsParser.Connect(ServerInfo serverInfo, SqlInternalConnectionTds connHandler, Boolean ignoreSniOpenTimeout, Int64 timerExpire, Boolean encrypt, Boolean trustServerCert, Boolean integratedSecurity, Boolean withFailover)
   at System.Data.SqlClient.SqlInternalConnectionTds.AttemptOneLogin(ServerInfo serverInfo, Boolean ignoreSniOpenTimeout, TimeoutTimer timeout, Boolean withFailover)
   at System.Data.SqlClient.SqlInternalConnectionTds.LoginNoFailover(ServerInfo serverInfo, Boolean redirectedUserInstance, SqlConnectionString connectionOptions, TimeoutTimer timeout)
   at System.Data.SqlClient.SqlInternalConnectionTds.OpenLoginEnlist(TimeoutTimer timeout, SqlConnectionString connectionOptions, Boolean redirectedUserInstance)
   at System.Data.SqlClient.SqlInternalConnectionTds..ctor(DbConnectionPoolIdentity identity, SqlConnectionString connectionOptions, Object providerInfo, Boolean redirectedUserInstance, SqlConnectionString userConnectionOptions, SessionData reconnectSessionData, Boolean applyTransientFaultHandling)
   at System.Data.SqlClient.SqlConnectionFactory.CreateConnection(DbConnectionOptions options, DbConnectionPoolKey poolKey, Object poolGroupProviderInfo, DbConnectionPool pool, DbConnection owningConnection, DbConnectionOptions userOptions)
   at System.Data.ProviderBase.DbConnectionFactory.CreatePooledConnection(DbConnectionPool pool, DbConnection owningObject, DbConnectionOptions options, DbConnectionPoolKey poolKey, DbConnectionOptions userOptions)
   at System.Data.ProviderBase.DbConnectionPool.CreateObject(DbConnection owningObject, DbConnectionOptions userOptions, DbConnectionInternal oldConnection)
   at System.Data.ProviderBase.DbConnectionPool.UserCreateRequest(DbConnection owningObject, DbConnectionOptions userOptions, DbConnectionInternal oldConnection)
   at System.Data.ProviderBase.DbConnectionPool.TryGetConnection(DbConnection owningObject, UInt32 waitForMultipleObjectsTimeout, Boolean allowCreate, Boolean onlyOneCheckConnection, DbConnectionOptions userOptions, DbConnectionInternal& connection)
   at System.Data.ProviderBase.DbConnectionPool.TryGetConnection(DbConnection owningObject, TaskCompletionSource`1 retry, DbConnectionOptions userOptions, DbConnectionInternal& connection)
   at System.Data.ProviderBase.DbConnectionFactory.TryGetConnection(DbConnection owningConnection, TaskCompletionSource`1 retry, DbConnectionOptions userOptions, DbConnectionInternal oldConnection, DbConnectionInternal& connection)
   at System.Data.ProviderBase.DbConnectionInternal.TryOpenConnectionInternal(DbConnection outerConnection, DbConnectionFactory connectionFactory, TaskCompletionSource`1 retry, DbConnectionOptions userOptions)
   at System.Data.ProviderBase.DbConnectionClosed.TryOpenConnection(DbConnection outerConnection, DbConnectionFactory connectionFactory, TaskCompletionSource`1 retry, DbConnectionOptions userOptions)
   at System.Data.SqlClient.SqlConnection.TryOpen(TaskCompletionSource`1 retry)
   at System.Data.SqlClient.SqlConnection.Open()
   at Microsoft.EntityFrameworkCore.Storage.RelationalConnection.Open(Boolean errorsExpected)
   at Microsoft.EntityFrameworkCore.Storage.Internal.SqlServerDatabaseCreator.<>c__DisplayClass18_0.<Exists>b__0(DateTime giveUp)
   at Microsoft.EntityFrameworkCore.ExecutionStrategyExtensions.<>c__DisplayClass12_0`2.<Execute>b__0(DbContext c, TState s)
   at Microsoft.EntityFrameworkCore.Storage.Internal.SqlServerExecutionStrategy.Execute[TState,TResult](TState state, Func`3 operation, Func`3 verifySucceeded)
   at Microsoft.EntityFrameworkCore.ExecutionStrategyExtensions.Execute[TState,TResult](IExecutionStrategy strategy, Func`2 operation, Func`2 verifySucceeded, TState state)
   at Microsoft.EntityFrameworkCore.ExecutionStrategyExtensions.Execute[TState,TResult](IExecutionStrategy strategy, TState state, Func`2 operation)
   at Microsoft.EntityFrameworkCore.Storage.Internal.SqlServerDatabaseCreator.Exists(Boolean retryOnNotExists)
   at Microsoft.EntityFrameworkCore.Storage.Internal.SqlServerDatabaseCreator.Exists()
   at Microsoft.EntityFrameworkCore.Migrations.HistoryRepository.Exists()
   at Microsoft.EntityFrameworkCore.Migrations.Internal.Migrator.Migrate(String targetMigration)
   at Microsoft.EntityFrameworkCore.RelationalDatabaseFacadeExtensions.Migrate(DatabaseFacade databaseFacade)
   at TandemBooking.Startup.Configure(IApplicationBuilder app, IHostingEnvironment env, ILoggerFactory loggerFactory, IApplicationLifetime appLifetime, TelemetryClient telemetryClient) in /Users/asmundbirkeland/programming/tandembooking/src/Startup.cs:line 113
2020-04-01 20:35:24.072 +02:00 [Information] User profile is available. Using '"/Users/asmundbirkeland/.aspnet/DataProtection-Keys"' as key repository; keys will not be encrypted at rest.
2020-04-01 20:35:24.407 +02:00 [Warning] The 'bool' property '"EmailNotification"' on entity type '"ApplicationUser"' is configured with a database-generated default. This default will always be used when the property has the value 'false', since this is the CLR default for the 'bool' type. Consider using the nullable 'bool?' type instead so that the default will only be used when the property value is 'null'.
2020-04-01 20:35:24.408 +02:00 [Warning] The 'bool' property '"SmsNotification"' on entity type '"ApplicationUser"' is configured with a database-generated default. This default will always be used when the property has the value 'false', since this is the CLR default for the 'bool' type. Consider using the nullable 'bool?' type instead so that the default will only be used when the property value is 'null'.
2020-04-01 20:35:24.438 +02:00 [Information] Entity Framework Core "2.0.0-rtm-26452" initialized '"TandemBookingContext"' using provider '"Microsoft.EntityFrameworkCore.SqlServer"' with options: "None"
2020-04-01 20:35:39.904 +02:00 [Error] Unable to migrate database
System.Data.SqlClient.SqlException (0x80131904): A network-related or instance-specific error occurred while establishing a connection to SQL Server. The server was not found or was not accessible. Verify that the instance name is correct and that SQL Server is configured to allow remote connections. (provider: TCP Provider, error: 40 - Could not open a connection to SQL Server)
   at System.Data.SqlClient.SqlInternalConnectionTds..ctor(DbConnectionPoolIdentity identity, SqlConnectionString connectionOptions, Object providerInfo, Boolean redirectedUserInstance, SqlConnectionString userConnectionOptions, SessionData reconnectSessionData, Boolean applyTransientFaultHandling)
   at System.Data.SqlClient.SqlConnectionFactory.CreateConnection(DbConnectionOptions options, DbConnectionPoolKey poolKey, Object poolGroupProviderInfo, DbConnectionPool pool, DbConnection owningConnection, DbConnectionOptions userOptions)
   at System.Data.ProviderBase.DbConnectionFactory.CreatePooledConnection(DbConnectionPool pool, DbConnection owningObject, DbConnectionOptions options, DbConnectionPoolKey poolKey, DbConnectionOptions userOptions)
   at System.Data.ProviderBase.DbConnectionPool.CreateObject(DbConnection owningObject, DbConnectionOptions userOptions, DbConnectionInternal oldConnection)
   at System.Data.ProviderBase.DbConnectionPool.UserCreateRequest(DbConnection owningObject, DbConnectionOptions userOptions, DbConnectionInternal oldConnection)
   at System.Data.ProviderBase.DbConnectionPool.TryGetConnection(DbConnection owningObject, UInt32 waitForMultipleObjectsTimeout, Boolean allowCreate, Boolean onlyOneCheckConnection, DbConnectionOptions userOptions, DbConnectionInternal& connection)
   at System.Data.ProviderBase.DbConnectionPool.TryGetConnection(DbConnection owningObject, TaskCompletionSource`1 retry, DbConnectionOptions userOptions, DbConnectionInternal& connection)
   at System.Data.ProviderBase.DbConnectionFactory.TryGetConnection(DbConnection owningConnection, TaskCompletionSource`1 retry, DbConnectionOptions userOptions, DbConnectionInternal oldConnection, DbConnectionInternal& connection)
   at System.Data.ProviderBase.DbConnectionInternal.TryOpenConnectionInternal(DbConnection outerConnection, DbConnectionFactory connectionFactory, TaskCompletionSource`1 retry, DbConnectionOptions userOptions)
   at System.Data.ProviderBase.DbConnectionClosed.TryOpenConnection(DbConnection outerConnection, DbConnectionFactory connectionFactory, TaskCompletionSource`1 retry, DbConnectionOptions userOptions)
   at System.Data.SqlClient.SqlConnection.TryOpen(TaskCompletionSource`1 retry)
   at System.Data.SqlClient.SqlConnection.Open()
   at Microsoft.EntityFrameworkCore.Storage.RelationalConnection.Open(Boolean errorsExpected)
   at Microsoft.EntityFrameworkCore.Storage.Internal.SqlServerDatabaseCreator.<>c__DisplayClass18_0.<Exists>b__0(DateTime giveUp)
   at Microsoft.EntityFrameworkCore.ExecutionStrategyExtensions.<>c__DisplayClass12_0`2.<Execute>b__0(DbContext c, TState s)
   at Microsoft.EntityFrameworkCore.Storage.Internal.SqlServerExecutionStrategy.Execute[TState,TResult](TState state, Func`3 operation, Func`3 verifySucceeded)
   at Microsoft.EntityFrameworkCore.ExecutionStrategyExtensions.Execute[TState,TResult](IExecutionStrategy strategy, Func`2 operation, Func`2 verifySucceeded, TState state)
   at Microsoft.EntityFrameworkCore.ExecutionStrategyExtensions.Execute[TState,TResult](IExecutionStrategy strategy, TState state, Func`2 operation)
   at Microsoft.EntityFrameworkCore.Storage.Internal.SqlServerDatabaseCreator.Exists(Boolean retryOnNotExists)
   at Microsoft.EntityFrameworkCore.Storage.Internal.SqlServerDatabaseCreator.Exists()
   at Microsoft.EntityFrameworkCore.Migrations.HistoryRepository.Exists()
   at Microsoft.EntityFrameworkCore.Migrations.Internal.Migrator.Migrate(String targetMigration)
   at Microsoft.EntityFrameworkCore.RelationalDatabaseFacadeExtensions.Migrate(DatabaseFacade databaseFacade)
   at TandemBooking.Startup.Configure(IApplicationBuilder app, IHostingEnvironment env, ILoggerFactory loggerFactory, IApplicationLifetime appLifetime, TelemetryClient telemetryClient) in /Users/asmundbirkeland/programming/tandembooking/src/Startup.cs:line 113
ClientConnectionId:00000000-0000-0000-0000-000000000000
2020-04-01 20:37:59.518 +02:00 [Information] User profile is available. Using '"/Users/asmundbirkeland/.aspnet/DataProtection-Keys"' as key repository; keys will not be encrypted at rest.
2020-04-01 20:37:59.828 +02:00 [Warning] The 'bool' property '"EmailNotification"' on entity type '"ApplicationUser"' is configured with a database-generated default. This default will always be used when the property has the value 'false', since this is the CLR default for the 'bool' type. Consider using the nullable 'bool?' type instead so that the default will only be used when the property value is 'null'.
2020-04-01 20:37:59.829 +02:00 [Warning] The 'bool' property '"SmsNotification"' on entity type '"ApplicationUser"' is configured with a database-generated default. This default will always be used when the property has the value 'false', since this is the CLR default for the 'bool' type. Consider using the nullable 'bool?' type instead so that the default will only be used when the property value is 'null'.
2020-04-01 20:37:59.856 +02:00 [Information] Entity Framework Core "2.0.0-rtm-26452" initialized '"TandemBookingContext"' using provider '"Microsoft.EntityFrameworkCore.SqlServer"' with options: "None"
2020-04-01 20:38:05.102 +02:00 [Information] Executed DbCommand ("227"ms) [Parameters=[""], CommandType='Text', CommandTimeout='30']"
""SELECT OBJECT_ID(N'__EFMigrationsHistory');"
2020-04-01 20:38:05.172 +02:00 [Information] Executed DbCommand ("56"ms) [Parameters=[""], CommandType='Text', CommandTimeout='30']"
""SELECT OBJECT_ID(N'__EFMigrationsHistory');"
2020-04-01 20:38:05.244 +02:00 [Information] Executed DbCommand ("69"ms) [Parameters=[""], CommandType='Text', CommandTimeout='30']"
""SELECT [MigrationId], [ProductVersion]
FROM [__EFMigrationsHistory]
ORDER BY [MigrationId];"
2020-04-01 20:38:05.253 +02:00 [Information] No migrations were applied. The database is already up to date.
2020-04-01 20:38:23.548 +02:00 [Information] Request starting HTTP/1.1 GET http://localhost:5000/  
2020-04-01 20:38:24.957 +02:00 [Information] Executing action method "TandemBooking.Controllers.HomeController.Index (TandemBooking)" with arguments (null) - ModelState is Valid
2020-04-01 20:38:26.946 +02:00 [Information] Executing ViewResult, running view at path "/Views/Home/Index.cshtml".
2020-04-01 20:38:27.515 +02:00 [Information] Executed action "TandemBooking.Controllers.HomeController.Index (TandemBooking)" in 2564.361ms
2020-04-01 20:38:27.518 +02:00 [Information] Request finished in 3973.213ms 200 text/html; charset=utf-8
2020-04-01 20:38:27.566 +02:00 [Information] Request starting HTTP/1.1 GET http://localhost:5000/lib/bootstrap/dist/css/bootstrap.css  
2020-04-01 20:38:27.569 +02:00 [Information] Sending file. Request path: '"/lib/bootstrap/dist/css/bootstrap.css"'. Physical path: '"/Users/asmundbirkeland/programming/tandembooking/src/wwwroot/lib/bootstrap/dist/css/bootstrap.css"'
2020-04-01 20:38:27.572 +02:00 [Information] Request starting HTTP/1.1 GET http://localhost:5000/lib/bootstrap-datepicker/dist/css/bootstrap-datepicker.css  
2020-04-01 20:38:27.573 +02:00 [Information] Sending file. Request path: '"/lib/bootstrap-datepicker/dist/css/bootstrap-datepicker.css"'. Physical path: '"/Users/asmundbirkeland/programming/tandembooking/src/wwwroot/lib/bootstrap-datepicker/dist/css/bootstrap-datepicker.css"'
2020-04-01 20:38:27.575 +02:00 [Information] Request starting HTTP/1.1 GET http://localhost:5000/css/site.css  
2020-04-01 20:38:27.575 +02:00 [Information] Request starting HTTP/1.1 GET http://localhost:5000/lib/jquery/dist/jquery.js  
2020-04-01 20:38:27.576 +02:00 [Information] Sending file. Request path: '"/css/site.css"'. Physical path: '"/Users/asmundbirkeland/programming/tandembooking/src/wwwroot/css/site.css"'
2020-04-01 20:38:27.577 +02:00 [Information] Request starting HTTP/1.1 GET http://localhost:5000/lib/bootstrap/dist/js/bootstrap.js  
2020-04-01 20:38:27.576 +02:00 [Information] Request starting HTTP/1.1 GET http://localhost:5000/images/logo.png  
2020-04-01 20:38:27.586 +02:00 [Information] Sending file. Request path: '"/lib/bootstrap/dist/js/bootstrap.js"'. Physical path: '"/Users/asmundbirkeland/programming/tandembooking/src/wwwroot/lib/bootstrap/dist/js/bootstrap.js"'
2020-04-01 20:38:27.587 +02:00 [Information] Request finished in 11.638ms 200 text/css
2020-04-01 20:38:27.588 +02:00 [Information] Sending file. Request path: '"/images/logo.png"'. Physical path: '"/Users/asmundbirkeland/programming/tandembooking/src/wwwroot/images/logo.png"'
2020-04-01 20:38:27.579 +02:00 [Information] Request finished in 6.826ms 200 text/css
2020-04-01 20:38:27.576 +02:00 [Information] Sending file. Request path: '"/lib/jquery/dist/jquery.js"'. Physical path: '"/Users/asmundbirkeland/programming/tandembooking/src/wwwroot/lib/jquery/dist/jquery.js"'
2020-04-01 20:38:27.589 +02:00 [Information] Request finished in 13.321ms 200 image/png
2020-04-01 20:38:27.590 +02:00 [Information] Request finished in 13.03ms 200 application/javascript
2020-04-01 20:38:27.590 +02:00 [Information] Request starting HTTP/1.1 GET http://localhost:5000/lib/bootstrap-datepicker/dist/js/bootstrap-datepicker.js  
2020-04-01 20:38:27.580 +02:00 [Information] Request finished in 13.955ms 200 text/css
2020-04-01 20:38:27.590 +02:00 [Information] Request starting HTTP/1.1 GET http://localhost:5000/js/site.js  
2020-04-01 20:38:27.591 +02:00 [Information] Sending file. Request path: '"/lib/bootstrap-datepicker/dist/js/bootstrap-datepicker.js"'. Physical path: '"/Users/asmundbirkeland/programming/tandembooking/src/wwwroot/lib/bootstrap-datepicker/dist/js/bootstrap-datepicker.js"'
2020-04-01 20:38:27.591 +02:00 [Information] Request starting HTTP/1.1 GET http://localhost:5000/lib/jquery.backstretch.min.js  
2020-04-01 20:38:27.593 +02:00 [Information] Request finished in 18.074ms 200 application/javascript
2020-04-01 20:38:27.603 +02:00 [Information] Sending file. Request path: '"/lib/jquery.backstretch.min.js"'. Physical path: '"/Users/asmundbirkeland/programming/tandembooking/src/wwwroot/lib/jquery.backstretch.min.js"'
2020-04-01 20:38:27.592 +02:00 [Information] Sending file. Request path: '"/js/site.js"'. Physical path: '"/Users/asmundbirkeland/programming/tandembooking/src/wwwroot/js/site.js"'
2020-04-01 20:38:27.605 +02:00 [Information] Request finished in 13.05ms 200 application/javascript
2020-04-01 20:38:27.592 +02:00 [Information] Request finished in 2.798ms 200 application/javascript
2020-04-01 20:38:27.606 +02:00 [Information] Request finished in 15.959ms 200 application/javascript
2020-04-01 20:38:27.610 +02:00 [Information] Request starting HTTP/1.1 GET http://localhost:5000/images/bg1.jpg  
2020-04-01 20:38:27.611 +02:00 [Information] Sending file. Request path: '"/images/bg1.jpg"'. Physical path: '"/Users/asmundbirkeland/programming/tandembooking/src/wwwroot/images/bg1.jpg"'
2020-04-01 20:38:27.613 +02:00 [Information] Request finished in 3.68ms 200 image/jpeg
2020-04-01 20:38:27.699 +02:00 [Information] Request starting HTTP/1.1 GET http://localhost:5000/images/bg3.jpg  
2020-04-01 20:38:27.700 +02:00 [Information] Sending file. Request path: '"/images/bg3.jpg"'. Physical path: '"/Users/asmundbirkeland/programming/tandembooking/src/wwwroot/images/bg3.jpg"'
2020-04-01 20:38:27.700 +02:00 [Information] Request starting HTTP/1.1 GET http://localhost:5000/images/bg4.jpg  
2020-04-01 20:38:27.700 +02:00 [Information] Request starting HTTP/1.1 GET http://localhost:5000/images/bg6.jpg  
2020-04-01 20:38:27.700 +02:00 [Information] Sending file. Request path: '"/images/bg4.jpg"'. Physical path: '"/Users/asmundbirkeland/programming/tandembooking/src/wwwroot/images/bg4.jpg"'
2020-04-01 20:38:27.701 +02:00 [Information] Sending file. Request path: '"/images/bg6.jpg"'. Physical path: '"/Users/asmundbirkeland/programming/tandembooking/src/wwwroot/images/bg6.jpg"'
2020-04-01 20:38:27.700 +02:00 [Information] Request starting HTTP/1.1 GET http://localhost:5000/images/bg5.jpg  
2020-04-01 20:38:27.702 +02:00 [Information] Sending file. Request path: '"/images/bg5.jpg"'. Physical path: '"/Users/asmundbirkeland/programming/tandembooking/src/wwwroot/images/bg5.jpg"'
2020-04-01 20:38:27.703 +02:00 [Information] Request finished in 2.963ms 200 image/jpeg
2020-04-01 20:38:27.703 +02:00 [Information] Request finished in 3.489ms 200 image/jpeg
2020-04-01 20:38:27.704 +02:00 [Information] Request finished in 4.216ms 200 image/jpeg
2020-04-01 20:38:27.756 +02:00 [Information] Request finished in 57.159ms 200 image/jpeg
2020-04-01 20:38:27.773 +02:00 [Information] Request starting HTTP/1.1 GET http://localhost:5000/favicon-32x32.png  
2020-04-01 20:38:27.773 +02:00 [Information] Request starting HTTP/1.1 GET http://localhost:5000/manifest.json  
2020-04-01 20:38:27.774 +02:00 [Information] Sending file. Request path: '"/favicon-32x32.png"'. Physical path: '"/Users/asmundbirkeland/programming/tandembooking/src/wwwroot/favicon-32x32.png"'
2020-04-01 20:38:27.774 +02:00 [Information] Sending file. Request path: '"/manifest.json"'. Physical path: '"/Users/asmundbirkeland/programming/tandembooking/src/wwwroot/manifest.json"'
2020-04-01 20:38:27.787 +02:00 [Information] Request finished in 13.267ms 200 application/json
2020-04-01 20:38:27.775 +02:00 [Information] Request finished in 1.784ms 200 image/png
2020-04-01 20:38:35.586 +02:00 [Information] Request starting HTTP/1.1 GET http://localhost:5000/Account/Login  
2020-04-01 20:38:35.831 +02:00 [Information] Executing action method "TandemBooking.Controllers.AccountController.Login (TandemBooking)" with arguments ([""]) - ModelState is Valid
2020-04-01 20:38:36.118 +02:00 [Information] Executing ViewResult, running view at path "/Views/Account/Login.cshtml".
2020-04-01 20:38:36.324 +02:00 [Information] Executed action "TandemBooking.Controllers.AccountController.Login (TandemBooking)" in 715.851ms
2020-04-01 20:38:36.324 +02:00 [Information] Request finished in 737.989ms 200 text/html; charset=utf-8
2020-04-01 20:38:36.344 +02:00 [Information] Request starting HTTP/1.1 GET http://localhost:5000/lib/jquery-validation/dist/jquery.validate.js  
2020-04-01 20:38:36.345 +02:00 [Information] Sending file. Request path: '"/lib/jquery-validation/dist/jquery.validate.js"'. Physical path: '"/Users/asmundbirkeland/programming/tandembooking/src/wwwroot/lib/jquery-validation/dist/jquery.validate.js"'
2020-04-01 20:38:36.346 +02:00 [Information] Request finished in 1.563ms 200 application/javascript
2020-04-01 20:38:36.348 +02:00 [Information] Request starting HTTP/1.1 GET http://localhost:5000/lib/jquery-validation-unobtrusive/jquery.validate.unobtrusive.js  
2020-04-01 20:38:36.349 +02:00 [Information] Sending file. Request path: '"/lib/jquery-validation-unobtrusive/jquery.validate.unobtrusive.js"'. Physical path: '"/Users/asmundbirkeland/programming/tandembooking/src/wwwroot/lib/jquery-validation-unobtrusive/jquery.validate.unobtrusive.js"'
2020-04-01 20:38:36.350 +02:00 [Information] Request finished in 1.672ms 200 application/javascript
2020-04-01 20:38:44.896 +02:00 [Information] Request starting HTTP/1.1 POST http://localhost:5000/Account/Login application/x-www-form-urlencoded 254
2020-04-01 20:38:44.936 +02:00 [Information] Executing action method "TandemBooking.Controllers.AccountController.Login (TandemBooking)" with arguments (["TandemBooking.ViewModels.Account.LoginViewModel", ""]) - ModelState is Valid
2020-04-01 20:38:44.941 +02:00 [Information] Entity Framework Core "2.0.0-rtm-26452" initialized '"TandemBookingContext"' using provider '"Microsoft.EntityFrameworkCore.SqlServer"' with options: "None"
2020-04-01 20:38:45.169 +02:00 [Information] Executed DbCommand ("103"ms) [Parameters=["@__normalizedUserName_0='?' (Size = 256)"], CommandType='Text', CommandTimeout='30']"
""SELECT TOP(1) [u].[Id], [u].[AccessFailedCount], [u].[ConcurrencyStamp], [u].[Email], [u].[EmailConfirmed], [u].[EmailNotification], [u].[IsAdmin], [u].[IsPilot], [u].[LockoutEnabled], [u].[LockoutEnd], [u].[MaxPassengerWeight], [u].[MinPassengerWeight], [u].[Name], [u].[NormalizedEmail], [u].[NormalizedUserName], [u].[PasswordHash], [u].[PhoneNumber], [u].[PhoneNumberConfirmed], [u].[SecurityStamp], [u].[SmsNotification], [u].[TwoFactorEnabled], [u].[UserName]
FROM [AspNetUsers] AS [u]
WHERE [u].[NormalizedUserName] = @__normalizedUserName_0"
2020-04-01 20:38:45.513 +02:00 [Information] Executed DbCommand ("61"ms) [Parameters=["@__user_Id_0='?' (Size = 450)"], CommandType='Text', CommandTimeout='30']"
""SELECT [uc].[Id], [uc].[ClaimType], [uc].[ClaimValue], [uc].[UserId]
FROM [AspNetUserClaims] AS [uc]
WHERE [uc].[UserId] = @__user_Id_0"
2020-04-01 20:38:45.612 +02:00 [Information] Executed DbCommand ("63"ms) [Parameters=["@__userId_0='?' (Size = 450)"], CommandType='Text', CommandTimeout='30']"
""SELECT [role].[Name]
FROM [AspNetUserRoles] AS [userRole]
INNER JOIN [AspNetRoles] AS [role] ON [userRole].[RoleId] = [role].[Id]
WHERE [userRole].[UserId] = @__userId_0"
2020-04-01 20:38:45.618 +02:00 [Information] AuthenticationScheme: "Identity.Application" signed in.
2020-04-01 20:38:45.619 +02:00 [Information] User logged in.
2020-04-01 20:38:45.620 +02:00 [Information] Executing RedirectResult, redirecting to "/".
2020-04-01 20:38:45.621 +02:00 [Information] Executed action "TandemBooking.Controllers.AccountController.Login (TandemBooking)" in 712.722ms
2020-04-01 20:38:45.623 +02:00 [Information] Request finished in 726.751ms 302 
2020-04-01 20:38:45.625 +02:00 [Information] Request starting HTTP/1.1 GET http://localhost:5000/  
2020-04-01 20:38:45.628 +02:00 [Information] AuthenticationScheme: "Identity.Application" was successfully authenticated.
2020-04-01 20:38:45.629 +02:00 [Information] Executing action method "TandemBooking.Controllers.HomeController.Index (TandemBooking)" with arguments (null) - ModelState is Valid
2020-04-01 20:38:45.629 +02:00 [Information] Executing RedirectResult, redirecting to "/Overview".
2020-04-01 20:38:45.630 +02:00 [Information] Executed action "TandemBooking.Controllers.HomeController.Index (TandemBooking)" in 0.933ms
2020-04-01 20:38:45.630 +02:00 [Information] Request finished in 5.455ms 302 
2020-04-01 20:38:45.632 +02:00 [Information] Request starting HTTP/1.1 GET http://localhost:5000/Overview  
2020-04-01 20:38:45.633 +02:00 [Information] AuthenticationScheme: "Identity.Application" was successfully authenticated.
2020-04-01 20:38:45.639 +02:00 [Information] Authorization was successful for user: "aasmund.birkeland@gmail.com".
2020-04-01 20:38:45.640 +02:00 [Information] Executing action method "TandemBooking.Controllers.OverviewController.Index (TandemBooking)" with arguments (null) - ModelState is Valid
2020-04-01 20:38:45.650 +02:00 [Information] Entity Framework Core "2.0.0-rtm-26452" initialized '"TandemBookingContext"' using provider '"Microsoft.EntityFrameworkCore.SqlServer"' with options: "None"
2020-04-01 20:38:45.793 +02:00 [Information] Executed DbCommand ("86"ms) [Parameters=["@__Today_0='?'"], CommandType='Text', CommandTimeout='30']"
""SELECT [b].[Id], [b].[AssignedPilotId], [b].[BookingDate], [b].[Canceled], [b].[Comment], [b].[Completed], [b].[DateRegistered], [b].[PassengerEmail], [b].[PassengerFee], [b].[PassengerName], [b].[PassengerPhone], [b].[PassengerWeight], [b].[PrimaryBookingId], [b.AssignedPilot].[Id], [b.AssignedPilot].[AccessFailedCount], [b.AssignedPilot].[ConcurrencyStamp], [b.AssignedPilot].[Email], [b.AssignedPilot].[EmailConfirmed], [b.AssignedPilot].[EmailNotification], [b.AssignedPilot].[IsAdmin], [b.AssignedPilot].[IsPilot], [b.AssignedPilot].[LockoutEnabled], [b.AssignedPilot].[LockoutEnd], [b.AssignedPilot].[MaxPassengerWeight], [b.AssignedPilot].[MinPassengerWeight], [b.AssignedPilot].[Name], [b.AssignedPilot].[NormalizedEmail], [b.AssignedPilot].[NormalizedUserName], [b.AssignedPilot].[PasswordHash], [b.AssignedPilot].[PhoneNumber], [b.AssignedPilot].[PhoneNumberConfirmed], [b.AssignedPilot].[SecurityStamp], [b.AssignedPilot].[SmsNotification], [b.AssignedPilot].[TwoFactorEnabled], [b.AssignedPilot].[UserName]
FROM [Bookings] AS [b]
LEFT JOIN [AspNetUsers] AS [b.AssignedPilot] ON [b].[AssignedPilotId] = [b.AssignedPilot].[Id]
WHERE (([b].[Canceled] = 0) AND ([b].[BookingDate] >= @__Today_0)) AND [b].[AssignedPilotId] IS NULL
ORDER BY [b].[BookingDate], [b].[DateRegistered]"
2020-04-01 20:38:45.909 +02:00 [Information] Executed DbCommand ("72"ms) [Parameters=["@__Today_0='?', @__GetUserId_1='?' (Size = 450)"], CommandType='Text', CommandTimeout='30']"
""SELECT [b].[Id], [b].[AssignedPilotId], [b].[BookingDate], [b].[Canceled], [b].[Comment], [b].[Completed], [b].[DateRegistered], [b].[PassengerEmail], [b].[PassengerFee], [b].[PassengerName], [b].[PassengerPhone], [b].[PassengerWeight], [b].[PrimaryBookingId], [b.AssignedPilot].[Id], [b.AssignedPilot].[AccessFailedCount], [b.AssignedPilot].[ConcurrencyStamp], [b.AssignedPilot].[Email], [b.AssignedPilot].[EmailConfirmed], [b.AssignedPilot].[EmailNotification], [b.AssignedPilot].[IsAdmin], [b.AssignedPilot].[IsPilot], [b.AssignedPilot].[LockoutEnabled], [b.AssignedPilot].[LockoutEnd], [b.AssignedPilot].[MaxPassengerWeight], [b.AssignedPilot].[MinPassengerWeight], [b.AssignedPilot].[Name], [b.AssignedPilot].[NormalizedEmail], [b.AssignedPilot].[NormalizedUserName], [b.AssignedPilot].[PasswordHash], [b.AssignedPilot].[PhoneNumber], [b.AssignedPilot].[PhoneNumberConfirmed], [b.AssignedPilot].[SecurityStamp], [b.AssignedPilot].[SmsNotification], [b.AssignedPilot].[TwoFactorEnabled], [b.AssignedPilot].[UserName]
FROM [Bookings] AS [b]
LEFT JOIN [AspNetUsers] AS [b.AssignedPilot] ON [b].[AssignedPilotId] = [b.AssignedPilot].[Id]
WHERE (([b].[Canceled] = 0) AND ([b].[BookingDate] >= @__Today_0)) AND ([b].[AssignedPilotId] = @__GetUserId_1)
ORDER BY [b].[BookingDate], [b].[DateRegistered]"
2020-04-01 20:38:45.987 +02:00 [Information] Executed DbCommand ("62"ms) [Parameters=["@__p_2='?', @__Today_0='?', @__GetUserId_1='?' (Size = 450)"], CommandType='Text', CommandTimeout='30']"
""SELECT TOP(@__p_2) [b].[Id], [b].[AssignedPilotId], [b].[BookingDate], [b].[Canceled], [b].[Comment], [b].[Completed], [b].[DateRegistered], [b].[PassengerEmail], [b].[PassengerFee], [b].[PassengerName], [b].[PassengerPhone], [b].[PassengerWeight], [b].[PrimaryBookingId], [b.AssignedPilot].[Id], [b.AssignedPilot].[AccessFailedCount], [b.AssignedPilot].[ConcurrencyStamp], [b.AssignedPilot].[Email], [b.AssignedPilot].[EmailConfirmed], [b.AssignedPilot].[EmailNotification], [b.AssignedPilot].[IsAdmin], [b.AssignedPilot].[IsPilot], [b.AssignedPilot].[LockoutEnabled], [b.AssignedPilot].[LockoutEnd], [b.AssignedPilot].[MaxPassengerWeight], [b.AssignedPilot].[MinPassengerWeight], [b.AssignedPilot].[Name], [b.AssignedPilot].[NormalizedEmail], [b.AssignedPilot].[NormalizedUserName], [b.AssignedPilot].[PasswordHash], [b.AssignedPilot].[PhoneNumber], [b.AssignedPilot].[PhoneNumberConfirmed], [b.AssignedPilot].[SecurityStamp], [b.AssignedPilot].[SmsNotification], [b.AssignedPilot].[TwoFactorEnabled], [b.AssignedPilot].[UserName]
FROM [Bookings] AS [b]
LEFT JOIN [AspNetUsers] AS [b.AssignedPilot] ON [b].[AssignedPilotId] = [b.AssignedPilot].[Id]
WHERE (([b].[Canceled] = 0) AND ([b].[BookingDate] < @__Today_0)) AND ([b].[AssignedPilotId] = @__GetUserId_1)
ORDER BY [b].[BookingDate] DESC, [b].[DateRegistered]"
2020-04-01 20:38:46.144 +02:00 [Information] Executing ViewResult, running view at path "/Views/Overview/Index.cshtml".
2020-04-01 20:38:46.242 +02:00 [Information] Executed DbCommand ("55"ms) [Parameters=["@__get_Item_0='?' (Size = 450)"], CommandType='Text', CommandTimeout='30']"
""SELECT TOP(1) [e].[Id], [e].[AccessFailedCount], [e].[ConcurrencyStamp], [e].[Email], [e].[EmailConfirmed], [e].[EmailNotification], [e].[IsAdmin], [e].[IsPilot], [e].[LockoutEnabled], [e].[LockoutEnd], [e].[MaxPassengerWeight], [e].[MinPassengerWeight], [e].[Name], [e].[NormalizedEmail], [e].[NormalizedUserName], [e].[PasswordHash], [e].[PhoneNumber], [e].[PhoneNumberConfirmed], [e].[SecurityStamp], [e].[SmsNotification], [e].[TwoFactorEnabled], [e].[UserName]
FROM [AspNetUsers] AS [e]
WHERE [e].[Id] = @__get_Item_0"
2020-04-01 20:38:46.246 +02:00 [Information] Executed action "TandemBooking.Controllers.OverviewController.Index (TandemBooking)" in 611.486ms
2020-04-01 20:38:46.246 +02:00 [Information] Request finished in 614.52ms 200 text/html; charset=utf-8
